{"name":"register an user","id":"create-new-user;register-an-user","testSteps":[{"number":1,"description":"Given than santiago need register in platform utest","duration":14513,"startTime":"2022-04-20T23:36:49.291-05:00[America/Bogota]","screenshots":[{"screenshot":"83c77dc05b38fbed9aff9cb5b8b2b4aa39a81399757732f5c71f88077a6d596a.png","timeStamp":1650515823804}],"result":"SUCCESS","precondition":false,"level":0,"lineNumber":0,"children":[{"number":2,"description":"Santiago open up","duration":7562,"startTime":"2022-04-20T23:36:50.015-05:00[America/Bogota]","screenshots":[{"screenshot":"1a7f6d6bdfd4e5d7d20f4259bc29ffa724da2fcc07764cbf6354135cd4b5779d.png","timeStamp":1650515817577}],"result":"SUCCESS","precondition":false,"level":1,"lineNumber":0,"children":[{"number":3,"description":"Santiago opens the Utest page","duration":7514,"startTime":"2022-04-20T23:36:50.045-05:00[America/Bogota]","screenshots":[{"screenshot":"1a7f6d6bdfd4e5d7d20f4259bc29ffa724da2fcc07764cbf6354135cd4b5779d.png","timeStamp":1650515817558}],"result":"SUCCESS","precondition":false,"level":2,"lineNumber":0}]},{"number":4,"description":"Santiago login","duration":6206,"startTime":"2022-04-20T23:36:57.579-05:00[America/Bogota]","screenshots":[{"screenshot":"83c77dc05b38fbed9aff9cb5b8b2b4aa39a81399757732f5c71f88077a6d596a.png","timeStamp":1650515823785}],"result":"SUCCESS","precondition":false,"level":1,"lineNumber":0,"children":[{"number":5,"description":"Santiago clicks on button for entry","duration":514,"startTime":"2022-04-20T23:36:57.615-05:00[America/Bogota]","screenshots":[{"screenshot":"b9734e67e380333c1e0ebb35eed16f35945ae6250469b733bc4d767a2c6a9aac.png","timeStamp":1650515818129}],"result":"SUCCESS","precondition":false,"level":2,"lineNumber":0},{"number":6,"description":"Santiago enters \u0027Pedro\u0027 into Input for name","duration":991,"startTime":"2022-04-20T23:36:58.131-05:00[America/Bogota]","screenshots":[{"screenshot":"c10085336725cd3463c8af2fd654e555b56f7748dd9b8cb244e229d83e08ce97.png","timeStamp":1650515819122}],"result":"SUCCESS","precondition":false,"level":2,"lineNumber":0},{"number":7,"description":"Santiago enters \u0027Suarez\u0027 into Input for last name","duration":781,"startTime":"2022-04-20T23:36:59.124-05:00[America/Bogota]","screenshots":[{"screenshot":"9dab67e82340a3b16ae126f0a0ca74e9a9ada87ec0e462e6672efeca00b452d5.png","timeStamp":1650515819905}],"result":"SUCCESS","precondition":false,"level":2,"lineNumber":0},{"number":8,"description":"Santiago enters \u0027pruebas1qatest@yopmail.com\u0027 into Input for email","duration":970,"startTime":"2022-04-20T23:36:59.906-05:00[America/Bogota]","screenshots":[{"screenshot":"24864769ad6e84941811b39a47aa789d4a1129af78cd48c970e8fa1d8b437a25.png","timeStamp":1650515820876}],"result":"SUCCESS","precondition":false,"level":2,"lineNumber":0},{"number":9,"description":"Santiago select August on Select month","duration":681,"startTime":"2022-04-20T23:37:00.880-05:00[America/Bogota]","screenshots":[{"screenshot":"e31088dcc039977aad6e9740e0e6a389cebbf79cc183d8d6defa6c0eb40c3c41.png","timeStamp":1650515821561}],"result":"SUCCESS","precondition":false,"level":2,"lineNumber":0},{"number":10,"description":"Santiago select 5 on Select day","duration":726,"startTime":"2022-04-20T23:37:01.563-05:00[America/Bogota]","screenshots":[{"screenshot":"9e9a8677aae889f5ae3cfc9181822f9ea644bedf0b0daf20b1452125eb635109.png","timeStamp":1650515822289}],"result":"SUCCESS","precondition":false,"level":2,"lineNumber":0},{"number":11,"description":"Santiago select 2000 on Select year","duration":717,"startTime":"2022-04-20T23:37:02.306-05:00[America/Bogota]","screenshots":[{"screenshot":"644beac159006b68b4149a03753439e27a704de7f89eb9c07ba9ad24f58df573.png","timeStamp":1650515823021}],"result":"SUCCESS","precondition":false,"level":2,"lineNumber":0},{"number":12,"description":"Santiago clicks on Button next","duration":745,"startTime":"2022-04-20T23:37:03.024-05:00[America/Bogota]","screenshots":[{"screenshot":"83c77dc05b38fbed9aff9cb5b8b2b4aa39a81399757732f5c71f88077a6d596a.png","timeStamp":1650515823769}],"result":"SUCCESS","precondition":false,"level":2,"lineNumber":0}]}]},{"number":13,"description":"When he register can navegation in platform","duration":10779,"startTime":"2022-04-20T23:37:03.805-05:00[America/Bogota]","exception":{"errorType":"net.thucydides.core.webdriver.exceptions.ElementShouldBeEnabledException","message":"Expected enabled element was not enabled","stackTrace":[{"declaringClass":"automatizacion.utest.tasks.Register","methodName":"performAs","fileName":"Register.java","lineNumber":21},{"declaringClass":"automatizacion.utest.stepdefinitions.PageUtestStepDefinitions","methodName":"heRegisterCanNavegationInPlatform","fileName":"PageUtestStepDefinitions.java","lineNumber":27},{"declaringClass":"cucumber.runner.Runner","methodName":"runPickle","fileName":"Runner.java","lineNumber":80}],"rootCause":{"errorType":"org.openqa.selenium.TimeoutException","message":"Expected condition failed: waiting for By.className: pac-container pac-logo to be enabled (tried for 5 second(s) with 100 milliseconds interval)","stackTrace":[{"declaringClass":"automatizacion.utest.tasks.Register","methodName":"performAs","fileName":"Register.java","lineNumber":21},{"declaringClass":"automatizacion.utest.stepdefinitions.PageUtestStepDefinitions","methodName":"heRegisterCanNavegationInPlatform","fileName":"PageUtestStepDefinitions.java","lineNumber":27},{"declaringClass":"cucumber.runner.Runner","methodName":"runPickle","fileName":"Runner.java","lineNumber":80}],"rootCause":{"errorType":"org.openqa.selenium.NoSuchElementException","message":"no such element: Unable to locate element: {\"method\":\"css selector\",\"selector\":\".pac\\-container\\ pac\\-logo\"}\n  (Session info: chrome\u003d100.0.4896.127)\nFor documentation on this error, please visit: https://www.seleniumhq.org/exceptions/no_such_element.html\nBuild info: version: \u00273.141.59\u0027, revision: \u0027e82be7d358\u0027, time: \u00272018-11-14T08:17:03\u0027\nSystem info: host: \u0027URIELPC\u0027, ip: \u0027192.168.1.13\u0027, os.name: \u0027Windows 10\u0027, os.arch: \u0027amd64\u0027, os.version: \u002710.0\u0027, java.version: \u00271.8.0_111\u0027\nDriver info: org.openqa.selenium.chrome.ChromeDriver\nCapabilities {acceptInsecureCerts: false, browserName: chrome, browserVersion: 100.0.4896.127, chrome: {chromedriverVersion: 100.0.4896.60 (6a5d10861ce8..., userDataDir: C:\\Users\\uriel\\AppData\\Loca...}, goog:chromeOptions: {debuggerAddress: localhost:51503}, javascriptEnabled: true, networkConnectionEnabled: false, pageLoadStrategy: normal, platform: WINDOWS, platformName: WINDOWS, proxy: Proxy(), setWindowRect: true, strictFileInteractability: false, timeouts: {implicit: 0, pageLoad: 300000, script: 30000}, unhandledPromptBehavior: dismiss and notify, webauthn:extension:credBlob: true, webauthn:extension:largeBlob: true, webauthn:virtualAuthenticators: true}\nSession ID: f5df616077a65c32c56490de43a3f57b\n*** Element info: {Using\u003dclass name, value\u003dpac-container pac-logo}","stackTrace":[{"declaringClass":"automatizacion.utest.tasks.Register","methodName":"performAs","fileName":"Register.java","lineNumber":21},{"declaringClass":"automatizacion.utest.stepdefinitions.PageUtestStepDefinitions","methodName":"heRegisterCanNavegationInPlatform","fileName":"PageUtestStepDefinitions.java","lineNumber":27},{"declaringClass":"cucumber.runner.Runner","methodName":"runPickle","fileName":"Runner.java","lineNumber":80}]}}},"result":"FAILURE","precondition":false,"level":0,"lineNumber":0,"children":[{"number":14,"description":"Santiago register","duration":10757,"startTime":"2022-04-20T23:37:03.817-05:00[America/Bogota]","exception":{"errorType":"net.thucydides.core.webdriver.exceptions.ElementShouldBeEnabledException","message":"Expected enabled element was not enabled","stackTrace":[{"declaringClass":"automatizacion.utest.tasks.Register","methodName":"performAs","fileName":"Register.java","lineNumber":21},{"declaringClass":"automatizacion.utest.stepdefinitions.PageUtestStepDefinitions","methodName":"heRegisterCanNavegationInPlatform","fileName":"PageUtestStepDefinitions.java","lineNumber":27},{"declaringClass":"cucumber.runner.Runner","methodName":"runPickle","fileName":"Runner.java","lineNumber":80}],"rootCause":{"errorType":"org.openqa.selenium.TimeoutException","message":"Expected condition failed: waiting for By.className: pac-container pac-logo to be enabled (tried for 5 second(s) with 100 milliseconds interval)","stackTrace":[{"declaringClass":"automatizacion.utest.tasks.Register","methodName":"performAs","fileName":"Register.java","lineNumber":21},{"declaringClass":"automatizacion.utest.stepdefinitions.PageUtestStepDefinitions","methodName":"heRegisterCanNavegationInPlatform","fileName":"PageUtestStepDefinitions.java","lineNumber":27},{"declaringClass":"cucumber.runner.Runner","methodName":"runPickle","fileName":"Runner.java","lineNumber":80}],"rootCause":{"errorType":"org.openqa.selenium.NoSuchElementException","message":"no such element: Unable to locate element: {\"method\":\"css selector\",\"selector\":\".pac\\-container\\ pac\\-logo\"}\n  (Session info: chrome\u003d100.0.4896.127)\nFor documentation on this error, please visit: https://www.seleniumhq.org/exceptions/no_such_element.html\nBuild info: version: \u00273.141.59\u0027, revision: \u0027e82be7d358\u0027, time: \u00272018-11-14T08:17:03\u0027\nSystem info: host: \u0027URIELPC\u0027, ip: \u0027192.168.1.13\u0027, os.name: \u0027Windows 10\u0027, os.arch: \u0027amd64\u0027, os.version: \u002710.0\u0027, java.version: \u00271.8.0_111\u0027\nDriver info: org.openqa.selenium.chrome.ChromeDriver\nCapabilities {acceptInsecureCerts: false, browserName: chrome, browserVersion: 100.0.4896.127, chrome: {chromedriverVersion: 100.0.4896.60 (6a5d10861ce8..., userDataDir: C:\\Users\\uriel\\AppData\\Loca...}, goog:chromeOptions: {debuggerAddress: localhost:51503}, javascriptEnabled: true, networkConnectionEnabled: false, pageLoadStrategy: normal, platform: WINDOWS, platformName: WINDOWS, proxy: Proxy(), setWindowRect: true, strictFileInteractability: false, timeouts: {implicit: 0, pageLoad: 300000, script: 30000}, unhandledPromptBehavior: dismiss and notify, webauthn:extension:credBlob: true, webauthn:extension:largeBlob: true, webauthn:virtualAuthenticators: true}\nSession ID: f5df616077a65c32c56490de43a3f57b\n*** Element info: {Using\u003dclass name, value\u003dpac-container pac-logo}","stackTrace":[{"declaringClass":"automatizacion.utest.tasks.Register","methodName":"performAs","fileName":"Register.java","lineNumber":21},{"declaringClass":"automatizacion.utest.stepdefinitions.PageUtestStepDefinitions","methodName":"heRegisterCanNavegationInPlatform","fileName":"PageUtestStepDefinitions.java","lineNumber":27},{"declaringClass":"cucumber.runner.Runner","methodName":"runPickle","fileName":"Runner.java","lineNumber":80}]}}},"result":"FAILURE","precondition":false,"level":1,"lineNumber":0,"children":[{"number":15,"description":"Santiago enters \u0027Cali Valle del Cauca, Colombia\u0027 into Enter the city","duration":10709,"startTime":"2022-04-20T23:37:03.852-05:00[America/Bogota]","screenshots":[{"screenshot":"c676689535abc31ea6835d28b1d780ff59c31a00ba7d53879831216195fdd720.png","htmlSource":"pagesource600386128343877327.html.txt","timeStamp":1650515834546}],"exception":{"errorType":"net.thucydides.core.webdriver.exceptions.ElementShouldBeEnabledException","message":"Expected enabled element was not enabled","stackTrace":[{"declaringClass":"automatizacion.utest.tasks.Register","methodName":"performAs","fileName":"Register.java","lineNumber":21},{"declaringClass":"automatizacion.utest.stepdefinitions.PageUtestStepDefinitions","methodName":"heRegisterCanNavegationInPlatform","fileName":"PageUtestStepDefinitions.java","lineNumber":27},{"declaringClass":"cucumber.runner.Runner","methodName":"runPickle","fileName":"Runner.java","lineNumber":80}],"rootCause":{"errorType":"org.openqa.selenium.TimeoutException","message":"Expected condition failed: waiting for By.className: pac-container pac-logo to be enabled (tried for 5 second(s) with 100 milliseconds interval)","stackTrace":[{"declaringClass":"automatizacion.utest.tasks.Register","methodName":"performAs","fileName":"Register.java","lineNumber":21},{"declaringClass":"automatizacion.utest.stepdefinitions.PageUtestStepDefinitions","methodName":"heRegisterCanNavegationInPlatform","fileName":"PageUtestStepDefinitions.java","lineNumber":27},{"declaringClass":"cucumber.runner.Runner","methodName":"runPickle","fileName":"Runner.java","lineNumber":80}],"rootCause":{"errorType":"org.openqa.selenium.NoSuchElementException","message":"no such element: Unable to locate element: {\"method\":\"css selector\",\"selector\":\".pac\\-container\\ pac\\-logo\"}\n  (Session info: chrome\u003d100.0.4896.127)\nFor documentation on this error, please visit: https://www.seleniumhq.org/exceptions/no_such_element.html\nBuild info: version: \u00273.141.59\u0027, revision: \u0027e82be7d358\u0027, time: \u00272018-11-14T08:17:03\u0027\nSystem info: host: \u0027URIELPC\u0027, ip: \u0027192.168.1.13\u0027, os.name: \u0027Windows 10\u0027, os.arch: \u0027amd64\u0027, os.version: \u002710.0\u0027, java.version: \u00271.8.0_111\u0027\nDriver info: org.openqa.selenium.chrome.ChromeDriver\nCapabilities {acceptInsecureCerts: false, browserName: chrome, browserVersion: 100.0.4896.127, chrome: {chromedriverVersion: 100.0.4896.60 (6a5d10861ce8..., userDataDir: C:\\Users\\uriel\\AppData\\Loca...}, goog:chromeOptions: {debuggerAddress: localhost:51503}, javascriptEnabled: true, networkConnectionEnabled: false, pageLoadStrategy: normal, platform: WINDOWS, platformName: WINDOWS, proxy: Proxy(), setWindowRect: true, strictFileInteractability: false, timeouts: {implicit: 0, pageLoad: 300000, script: 30000}, unhandledPromptBehavior: dismiss and notify, webauthn:extension:credBlob: true, webauthn:extension:largeBlob: true, webauthn:virtualAuthenticators: true}\nSession ID: f5df616077a65c32c56490de43a3f57b\n*** Element info: {Using\u003dclass name, value\u003dpac-container pac-logo}","stackTrace":[{"declaringClass":"automatizacion.utest.tasks.Register","methodName":"performAs","fileName":"Register.java","lineNumber":21},{"declaringClass":"automatizacion.utest.stepdefinitions.PageUtestStepDefinitions","methodName":"heRegisterCanNavegationInPlatform","fileName":"PageUtestStepDefinitions.java","lineNumber":27},{"declaringClass":"cucumber.runner.Runner","methodName":"runPickle","fileName":"Runner.java","lineNumber":80}]}}},"result":"FAILURE","precondition":false,"level":2,"lineNumber":0}]}]},{"number":16,"description":"Then can see your activity","duration":2,"startTime":"2022-04-20T23:37:14.600-05:00[America/Bogota]","result":"SKIPPED","precondition":false,"level":0,"lineNumber":0}],"userStory":{"id":"create-new-user","storyName":"create new user","path":"src/test/resources/features/utestPage.feature","narrative":"  As a user, I want register an user in the platform Utest","type":"feature"},"featureTag":{"name":"Features/create new user","type":"feature","displayName":"Features/create new user"},"title":"register an user","tags":[{"name":"scenario1","type":"tag","displayName":"scenario1"},{"name":"stories","type":"tag","displayName":"stories"}],"startTime":"2022-04-20T23:36:49.115-05:00[America/Bogota]","duration":25489,"testFailureCause":{"errorType":"net.thucydides.core.webdriver.exceptions.ElementShouldBeEnabledException","message":"Expected enabled element was not enabled","stackTrace":[{"declaringClass":"automatizacion.utest.tasks.Register","methodName":"performAs","fileName":"Register.java","lineNumber":21},{"declaringClass":"automatizacion.utest.stepdefinitions.PageUtestStepDefinitions","methodName":"heRegisterCanNavegationInPlatform","fileName":"PageUtestStepDefinitions.java","lineNumber":27},{"declaringClass":"cucumber.runner.Runner","methodName":"runPickle","fileName":"Runner.java","lineNumber":80}],"rootCause":{"errorType":"org.openqa.selenium.TimeoutException","message":"Expected condition failed: waiting for By.className: pac-container pac-logo to be enabled (tried for 5 second(s) with 100 milliseconds interval)","stackTrace":[{"declaringClass":"automatizacion.utest.tasks.Register","methodName":"performAs","fileName":"Register.java","lineNumber":21},{"declaringClass":"automatizacion.utest.stepdefinitions.PageUtestStepDefinitions","methodName":"heRegisterCanNavegationInPlatform","fileName":"PageUtestStepDefinitions.java","lineNumber":27},{"declaringClass":"cucumber.runner.Runner","methodName":"runPickle","fileName":"Runner.java","lineNumber":80}],"rootCause":{"errorType":"org.openqa.selenium.NoSuchElementException","message":"no such element: Unable to locate element: {\"method\":\"css selector\",\"selector\":\".pac\\-container\\ pac\\-logo\"}\n  (Session info: chrome\u003d100.0.4896.127)\nFor documentation on this error, please visit: https://www.seleniumhq.org/exceptions/no_such_element.html\nBuild info: version: \u00273.141.59\u0027, revision: \u0027e82be7d358\u0027, time: \u00272018-11-14T08:17:03\u0027\nSystem info: host: \u0027URIELPC\u0027, ip: \u0027192.168.1.13\u0027, os.name: \u0027Windows 10\u0027, os.arch: \u0027amd64\u0027, os.version: \u002710.0\u0027, java.version: \u00271.8.0_111\u0027\nDriver info: org.openqa.selenium.chrome.ChromeDriver\nCapabilities {acceptInsecureCerts: false, browserName: chrome, browserVersion: 100.0.4896.127, chrome: {chromedriverVersion: 100.0.4896.60 (6a5d10861ce8..., userDataDir: C:\\Users\\uriel\\AppData\\Loca...}, goog:chromeOptions: {debuggerAddress: localhost:51503}, javascriptEnabled: true, networkConnectionEnabled: false, pageLoadStrategy: normal, platform: WINDOWS, platformName: WINDOWS, proxy: Proxy(), setWindowRect: true, strictFileInteractability: false, timeouts: {implicit: 0, pageLoad: 300000, script: 30000}, unhandledPromptBehavior: dismiss and notify, webauthn:extension:credBlob: true, webauthn:extension:largeBlob: true, webauthn:virtualAuthenticators: true}\nSession ID: f5df616077a65c32c56490de43a3f57b\n*** Element info: {Using\u003dclass name, value\u003dpac-container pac-logo}","stackTrace":[{"declaringClass":"automatizacion.utest.tasks.Register","methodName":"performAs","fileName":"Register.java","lineNumber":21},{"declaringClass":"automatizacion.utest.stepdefinitions.PageUtestStepDefinitions","methodName":"heRegisterCanNavegationInPlatform","fileName":"PageUtestStepDefinitions.java","lineNumber":27},{"declaringClass":"cucumber.runner.Runner","methodName":"runPickle","fileName":"Runner.java","lineNumber":80}]}}},"testFailureClassname":"net.thucydides.core.webdriver.exceptions.ElementShouldBeEnabledException","testFailureMessage":"Expected enabled element was not enabled","testFailureSummary":"FAILURE;net.thucydides.core.webdriver.exceptions.ElementShouldBeEnabledException;Expected enabled element was not enabled;Register.java","projectKey":"","annotatedResult":"FAILURE","sessionId":"f5df616077a65c32c56490de43a3f57b","driver":"chrome:santiago","isManualTestingUpToDate":false,"manual":false,"testSource":"Cucumber","actors":[{"name":"Santiago","can":["browse the web"]}],"result":"FAILURE"}